======
Loading NuScenes tables for version v1.0-trainval...
23 category,
8 attribute,
4 visibility,
64386 instance,
12 sensor,
10200 calibrated_sensor,
2631083 ego_pose,
68 log,
850 scene,
34149 sample,
2631083 sample_data,
1166187 sample_annotation,
4 map,
Done loading in 62.946 seconds.
======
Reverse indexing ...
Done reverse indexing in 16.6 seconds.
======

  0%|          | 0/28130 [00:00<?, ?it/s]
  0%|          | 59/28130 [00:00<00:47, 585.64it/s]
  0%|          | 118/28130 [00:00<01:07, 417.00it/s]
  1%|          | 181/28130 [00:00<00:56, 495.34it/s]
  1%|          | 234/28130 [00:00<01:01, 456.58it/s]
  1%|          | 299/28130 [00:00<00:54, 514.87it/s]
  1%|▏         | 376/28130 [00:00<00:47, 589.53it/s]
  2%|▏         | 438/28130 [00:00<00:58, 476.91it/s]
  2%|▏         | 491/28130 [00:01<01:00, 460.02it/s]
  2%|▏         | 540/28130 [00:01<01:08, 402.66it/s]
  2%|▏         | 607/28130 [00:01<00:59, 465.16it/s]
  2%|▏         | 658/28130 [00:01<01:03, 430.39it/s]
  3%|▎         | 704/28130 [00:01<01:14, 367.18it/s]
  3%|▎         | 758/28130 [00:01<01:07, 406.04it/s]
  3%|▎         | 802/28130 [00:01<01:21, 333.71it/s]
  3%|▎         | 840/28130 [00:02<01:44, 261.95it/s]
  3%|▎         | 882/28130 [00:02<01:33, 292.46it/s]
  4%|▎         | 990/28130 [00:02<00:58, 462.52it/s]
  4%|▍         | 1103/28130 [00:02<00:43, 619.07it/s]
  4%|▍         | 1177/28130 [00:02<00:55, 488.55it/s]
  4%|▍         | 1238/28130 [00:02<01:11, 375.11it/s]
  5%|▍         | 1288/28130 [00:03<01:14, 361.46it/s]
  5%|▍         | 1359/28130 [00:03<01:02, 426.46it/s]
  5%|▌         | 1411/28130 [00:03<01:00, 441.18it/s]
  5%|▌         | 1505/28130 [00:03<00:47, 556.29it/s]
  6%|▌         | 1569/28130 [00:03<00:51, 514.26it/s]
  6%|▌         | 1647/28130 [00:03<00:45, 578.01it/s]
  6%|▌         | 1711/28130 [00:03<00:47, 552.47it/s]
  6%|▋         | 1771/28130 [00:03<00:49, 530.38it/s]
  7%|▋         | 1834/28130 [00:04<00:47, 554.50it/s]
  7%|▋         | 1892/28130 [00:04<01:08, 384.27it/s]
  7%|▋         | 1939/28130 [00:04<01:10, 371.53it/s]
  7%|▋         | 1982/28130 [00:04<01:42, 254.06it/s]
  7%|▋         | 2016/28130 [00:04<01:46, 245.97it/s]
  7%|▋         | 2047/28130 [00:05<02:04, 209.04it/s]
  7%|▋         | 2073/28130 [00:05<02:17, 189.75it/s]
  7%|▋         | 2095/28130 [00:05<02:19, 187.09it/s]
  8%|▊         | 2117/28130 [00:05<02:14, 193.15it/s]
  8%|▊         | 2138/28130 [00:05<02:12, 196.20it/s]
  8%|▊         | 2168/28130 [00:05<01:57, 220.46it/s]
  8%|▊         | 2194/28130 [00:05<01:52, 229.85it/s]
  8%|▊         | 2219/28130 [00:06<02:12, 195.05it/s]
  8%|▊         | 2250/28130 [00:06<01:56, 221.40it/s]
  8%|▊         | 2279/28130 [00:06<01:48, 238.05it/s]
  8%|▊         | 2305/28130 [00:06<01:50, 233.53it/s]
  8%|▊         | 2335/28130 [00:06<01:43, 250.07it/s]
  8%|▊         | 2361/28130 [00:06<01:52, 229.08it/s]
  8%|▊         | 2385/28130 [00:06<02:06, 204.22it/s]
  9%|▊         | 2407/28130 [00:06<02:13, 193.38it/s]
  9%|▊         | 2434/28130 [00:06<02:01, 211.46it/s]
  9%|▉         | 2464/28130 [00:07<01:50, 231.45it/s]
  9%|▉         | 2488/28130 [00:07<02:06, 203.24it/s]
  9%|▉         | 2555/28130 [00:07<01:20, 319.63it/s]
  9%|▉         | 2634/28130 [00:07<00:57, 440.25it/s]
 10%|▉         | 2682/28130 [00:07<01:05, 386.12it/s]
 10%|▉         | 2729/28130 [00:07<01:02, 406.85it/s]
 10%|▉         | 2773/28130 [00:07<01:12, 348.64it/s]
 10%|▉         | 2812/28130 [00:08<01:21, 309.47it/s]
 10%|█         | 2846/28130 [00:08<01:30, 280.46it/s]
 10%|█         | 2877/28130 [00:08<01:37, 259.44it/s]
 10%|█         | 2905/28130 [00:08<01:46, 236.98it/s]
 10%|█         | 2930/28130 [00:08<01:45, 238.08it/s]
 11%|█         | 2964/28130 [00:08<01:36, 260.93it/s]
 11%|█         | 2992/28130 [00:08<01:38, 254.84it/s]
 11%|█         | 3019/28130 [00:09<01:54, 218.74it/s]
 11%|█         | 3049/28130 [00:09<01:45, 238.03it/s]
 11%|█         | 3089/28130 [00:09<01:29, 278.72it/s]
 11%|█▏        | 3166/28130 [00:09<01:01, 407.69it/s]
 11%|█▏        | 3210/28130 [00:09<01:11, 350.01it/s]
 12%|█▏        | 3249/28130 [00:09<01:23, 297.16it/s]
 12%|█▏        | 3283/28130 [00:09<01:29, 277.70it/s]
 12%|█▏        | 3346/28130 [00:09<01:09, 356.16it/s]
 12%|█▏        | 3388/28130 [00:10<01:06, 370.86it/s]
 12%|█▏        | 3429/28130 [00:10<01:07, 365.14it/s]
 12%|█▏        | 3489/28130 [00:10<00:57, 425.40it/s]
 13%|█▎        | 3534/28130 [00:10<01:15, 324.53it/s]
 13%|█▎        | 3576/28130 [00:10<01:10, 345.89it/s]
 13%|█▎        | 3615/28130 [00:10<01:36, 253.30it/s]
 13%|█▎        | 3647/28130 [00:11<01:57, 208.81it/s]
 13%|█▎        | 3674/28130 [00:11<02:04, 196.35it/s]
 13%|█▎        | 3698/28130 [00:11<02:00, 202.63it/s]
 13%|█▎        | 3738/28130 [00:11<01:40, 242.62it/s]
 13%|█▎        | 3773/28130 [00:11<01:31, 266.41it/s]
 14%|█▎        | 3806/28130 [00:11<01:26, 281.76it/s]
 14%|█▎        | 3837/28130 [00:11<01:42, 236.30it/s]
 14%|█▎        | 3864/28130 [00:11<01:41, 238.49it/s]
 14%|█▍        | 3890/28130 [00:12<01:54, 211.74it/s]
 14%|█▍        | 3913/28130 [00:12<01:56, 208.44it/s]
 14%|█▍        | 3937/28130 [00:12<01:52, 214.32it/s]
 14%|█▍        | 3962/28130 [00:12<01:48, 222.21it/s]
 14%|█▍        | 4006/28130 [00:12<01:26, 279.14it/s]
 14%|█▍        | 4038/28130 [00:12<01:23, 287.82it/s]
 14%|█▍        | 4068/28130 [00:12<01:27, 275.99it/s]
 15%|█▍        | 4097/28130 [00:12<01:39, 242.44it/s]
 15%|█▍        | 4123/28130 [00:13<01:49, 219.26it/s]
 15%|█▍        | 4153/28130 [00:13<01:40, 238.32it/s]
 15%|█▌        | 4227/28130 [00:13<01:05, 365.77it/s]
 15%|█▌        | 4269/28130 [00:13<01:02, 379.96it/s]
 15%|█▌        | 4310/28130 [00:13<01:09, 341.26it/s]
 15%|█▌        | 4347/28130 [00:13<01:08, 344.73it/s]
 16%|█▌        | 4441/28130 [00:13<00:47, 502.96it/s]
 16%|█▌        | 4562/28130 [00:13<00:33, 697.21it/s]
 16%|█▋        | 4636/28130 [00:13<00:38, 603.59it/s]
 17%|█▋        | 4704/28130 [00:14<00:37, 621.97it/s]
 17%|█▋        | 4770/28130 [00:14<00:40, 582.14it/s]
 17%|█▋        | 4832/28130 [00:14<00:41, 558.62it/s]
 17%|█▋        | 4919/28130 [00:14<00:36, 637.46it/s]
 18%|█▊        | 4986/28130 [00:14<01:10, 329.72it/s]
 18%|█▊        | 5037/28130 [00:15<01:21, 282.82it/s]
 18%|█▊        | 5079/28130 [00:15<01:40, 228.69it/s]
 18%|█▊        | 5112/28130 [00:15<01:47, 213.67it/s]
 18%|█▊        | 5142/28130 [00:15<01:41, 226.04it/s]
 18%|█▊        | 5171/28130 [00:15<01:43, 221.76it/s]
 18%|█▊        | 5198/28130 [00:16<01:51, 205.25it/s]
 19%|█▊        | 5226/28130 [00:16<01:44, 219.16it/s]
 19%|█▊        | 5269/28130 [00:16<01:26, 264.47it/s]
 19%|█▉        | 5301/28130 [00:16<01:22, 276.89it/s]
 19%|█▉        | 5332/28130 [00:16<01:27, 259.07it/s]
 19%|█▉        | 5360/28130 [00:16<01:40, 227.47it/s]
 19%|█▉        | 5385/28130 [00:16<01:40, 227.22it/s]
 19%|█▉        | 5410/28130 [00:16<01:42, 220.72it/s]
 19%|█▉        | 5433/28130 [00:17<01:51, 202.77it/s]
 19%|█▉        | 5454/28130 [00:17<02:03, 183.84it/s]
 19%|█▉        | 5474/28130 [00:17<02:08, 176.81it/s]
 20%|█▉        | 5493/28130 [00:17<02:15, 167.36it/s]
 20%|█▉        | 5511/28130 [00:17<02:23, 158.06it/s]
 20%|█▉        | 5527/28130 [00:17<02:28, 152.52it/s]
 20%|█▉        | 5544/28130 [00:17<02:26, 154.37it/s]
 20%|█▉        | 5561/28130 [00:17<02:24, 156.62it/s]
 20%|█▉        | 5577/28130 [00:18<02:25, 155.22it/s]
 20%|█▉        | 5593/28130 [00:18<02:25, 154.92it/s]
 20%|██        | 5642/28130 [00:18<01:31, 247.05it/s]
 20%|██        | 5675/28130 [00:18<01:23, 269.38it/s]
 20%|██        | 5709/28130 [00:18<01:17, 289.16it/s]
 20%|██        | 5739/28130 [00:18<01:23, 268.93it/s]
 21%|██        | 5768/28130 [00:18<01:21, 273.74it/s]
 21%|██        | 5807/28130 [00:18<01:13, 303.50it/s]
 21%|██        | 5838/28130 [00:18<01:22, 271.84it/s]
 21%|██        | 5867/28130 [00:19<01:31, 243.46it/s]
 21%|██        | 5893/28130 [00:19<01:35, 231.84it/s]
 21%|██        | 5917/28130 [00:19<01:38, 225.70it/s]
 21%|██        | 5941/28130 [00:19<01:45, 209.58it/s]
 21%|██        | 5963/28130 [00:19<01:53, 195.53it/s]
 21%|██▏       | 5983/28130 [00:19<02:11, 168.05it/s]
 21%|██▏       | 6001/28130 [00:19<02:23, 154.25it/s]
 21%|██▏       | 6017/28130 [00:20<02:38, 139.23it/s]
 21%|██▏       | 6032/28130 [00:20<02:42, 135.92it/s]
 21%|██▏       | 6046/28130 [00:20<02:43, 135.00it/s]
 22%|██▏       | 6060/28130 [00:20<02:46, 132.61it/s]
 22%|██▏       | 6074/28130 [00:20<02:49, 130.01it/s]
 22%|██▏       | 6088/28130 [00:20<03:19, 110.36it/s]
 22%|██▏       | 6100/28130 [00:20<03:33, 103.10it/s]
 22%|██▏       | 6111/28130 [00:20<03:40, 99.92it/s] 
 22%|██▏       | 6127/28130 [00:21<03:13, 113.85it/s]
 22%|██▏       | 6142/28130 [00:21<03:01, 121.40it/s]
 22%|██▏       | 6156/28130 [00:21<02:55, 125.55it/s]
 22%|██▏       | 6169/28130 [00:21<03:04, 118.92it/s]
 22%|██▏       | 6182/28130 [00:21<03:10, 115.03it/s]
 22%|██▏       | 6198/28130 [00:21<02:54, 125.95it/s]
 22%|██▏       | 6211/28130 [00:21<03:04, 118.79it/s]
 22%|██▏       | 6224/28130 [00:21<03:20, 109.08it/s]
 22%|██▏       | 6236/28130 [00:21<03:18, 110.27it/s]
 22%|██▏       | 6249/28130 [00:22<03:13, 113.06it/s]
 22%|██▏       | 6261/28130 [00:22<03:15, 112.02it/s]
 22%|██▏       | 6273/28130 [00:22<03:22, 108.01it/s]
 22%|██▏       | 6284/28130 [00:22<03:30, 103.62it/s]
 22%|██▏       | 6295/28130 [00:22<03:27, 105.24it/s]
 22%|██▏       | 6308/28130 [00:22<03:15, 111.39it/s]
 23%|██▎       | 6332/28130 [00:22<02:28, 146.76it/s]
 23%|██▎       | 6356/28130 [00:22<02:05, 172.94it/s]
 23%|██▎       | 6382/28130 [00:22<01:50, 197.27it/s]
 23%|██▎       | 6403/28130 [00:23<01:48, 200.52it/s]
 23%|██▎       | 6424/28130 [00:23<01:55, 188.25it/s]
 23%|██▎       | 6444/28130 [00:23<01:57, 184.80it/s]
 23%|██▎       | 6463/28130 [00:23<02:04, 174.41it/s]
 23%|██▎       | 6486/28130 [00:23<01:55, 188.12it/s]
 23%|██▎       | 6506/28130 [00:23<01:57, 183.35it/s]
 23%|██▎       | 6526/28130 [00:23<01:56, 185.64it/s]
 23%|██▎       | 6545/28130 [00:23<02:10, 165.16it/s]
 23%|██▎       | 6562/28130 [00:23<02:21, 152.56it/s]
 23%|██▎       | 6578/28130 [00:24<02:34, 139.75it/s]
 23%|██▎       | 6593/28130 [00:24<02:43, 131.52it/s]
 23%|██▎       | 6607/28130 [00:24<02:51, 125.18it/s]
 24%|██▎       | 6624/28130 [00:24<02:39, 134.81it/s]
 24%|██▎       | 6638/28130 [00:24<02:38, 135.47it/s]
 24%|██▎       | 6656/28130 [00:24<02:27, 145.48it/s]
 24%|██▎       | 6671/28130 [00:24<02:30, 142.89it/s]
 24%|██▍       | 6686/28130 [00:24<02:47, 127.65it/s]
 24%|██▍       | 6700/28130 [00:25<02:58, 119.76it/s]
 24%|██▍       | 6713/28130 [00:25<02:59, 119.09it/s]
 24%|██▍       | 6726/28130 [00:25<02:56, 121.09it/s]
 24%|██▍       | 6739/28130 [00:25<02:53, 123.21it/s]
 24%|██▍       | 6752/28130 [00:25<02:57, 120.78it/s]
 24%|██▍       | 6765/28130 [00:25<03:20, 106.37it/s]
 24%|██▍       | 6777/28130 [00:25<03:29, 102.05it/s]
 24%|██▍       | 6815/28130 [00:25<02:04, 171.63it/s]
 24%|██▍       | 6836/28130 [00:25<01:58, 179.68it/s]
 24%|██▍       | 6856/28130 [00:26<02:13, 159.16it/s]
 25%|██▍       | 6895/28130 [00:26<01:38, 216.56it/s]
 25%|██▍       | 6934/28130 [00:26<01:21, 261.14it/s]
 25%|██▍       | 6963/28130 [00:26<01:19, 266.73it/s]
 25%|██▍       | 6992/28130 [00:26<01:17, 271.01it/s]
 25%|██▍       | 7021/28130 [00:26<01:39, 212.05it/s]
 25%|██▌       | 7048/28130 [00:26<01:34, 224.05it/s]
 25%|██▌       | 7075/28130 [00:26<01:29, 235.20it/s]
 25%|██▌       | 7115/28130 [00:27<01:15, 278.39it/s]
 25%|██▌       | 7148/28130 [00:27<01:12, 290.98it/s]
 26%|██▌       | 7179/28130 [00:27<01:12, 288.34it/s]
 26%|██▌       | 7209/28130 [00:27<01:21, 257.96it/s]
 26%|██▌       | 7236/28130 [00:27<01:35, 219.27it/s]
 26%|██▌       | 7260/28130 [00:27<01:54, 182.97it/s]
 26%|██▌       | 7283/28130 [00:27<01:48, 191.48it/s]
 26%|██▌       | 7304/28130 [00:28<01:48, 191.52it/s]
 26%|██▌       | 7325/28130 [00:28<01:46, 195.95it/s]
 26%|██▌       | 7362/28130 [00:28<01:26, 238.85it/s]
 26%|██▋       | 7387/28130 [00:28<01:28, 234.00it/s]
 26%|██▋       | 7414/28130 [00:28<01:25, 243.68it/s]
 26%|██▋       | 7448/28130 [00:28<01:16, 268.96it/s]
 27%|██▋       | 7493/28130 [00:28<01:04, 318.78it/s]
 27%|██▋       | 7531/28130 [00:28<01:01, 335.13it/s]
 27%|██▋       | 7566/28130 [00:28<01:06, 309.61it/s]
 27%|██▋       | 7600/28130 [00:28<01:05, 315.57it/s]
 27%|██▋       | 7641/28130 [00:29<01:00, 339.70it/s]
 27%|██▋       | 7676/28130 [00:29<01:00, 335.36it/s]
 27%|██▋       | 7710/28130 [00:29<01:02, 324.82it/s]
 28%|██▊       | 7743/28130 [00:29<01:12, 280.30it/s]
 28%|██▊       | 7773/28130 [00:29<01:19, 255.53it/s]
 28%|██▊       | 7800/28130 [00:29<01:26, 234.24it/s]
 28%|██▊       | 7825/28130 [00:29<01:27, 233.23it/s]
 28%|██▊       | 7855/28130 [00:29<01:21, 249.87it/s]
 28%|██▊       | 7884/28130 [00:30<01:17, 259.90it/s]
 28%|██▊       | 7911/28130 [00:30<01:34, 213.90it/s]
 28%|██▊       | 7935/28130 [00:30<01:43, 195.51it/s]
 28%|██▊       | 7975/28130 [00:30<01:23, 242.40it/s]
 28%|██▊       | 8002/28130 [00:30<01:41, 198.76it/s]
 29%|██▊       | 8025/28130 [00:30<01:52, 178.62it/s]
 29%|██▊       | 8074/28130 [00:30<01:22, 244.26it/s]
 29%|██▉       | 8104/28130 [00:31<01:18, 256.61it/s]
 29%|██▉       | 8145/28130 [00:31<01:08, 292.17it/s]
 29%|██▉       | 8177/28130 [00:31<01:15, 262.69it/s]
 29%|██▉       | 8237/28130 [00:31<00:57, 345.50it/s]
 29%|██▉       | 8280/28130 [00:31<00:54, 366.88it/s]
 30%|██▉       | 8329/28130 [00:31<00:49, 398.70it/s]
 30%|██▉       | 8372/28130 [00:31<00:50, 392.20it/s]
 30%|██▉       | 8413/28130 [00:32<01:22, 239.79it/s]
 30%|███       | 8446/28130 [00:32<01:39, 198.25it/s]
 30%|███       | 8473/28130 [00:32<01:45, 185.57it/s]
 30%|███       | 8514/28130 [00:32<01:26, 225.62it/s]
 30%|███       | 8552/28130 [00:32<01:16, 256.69it/s]
 31%|███       | 8624/28130 [00:32<00:54, 360.37it/s]
 31%|███       | 8697/28130 [00:32<00:43, 449.73it/s]
 31%|███       | 8753/28130 [00:33<00:40, 477.71it/s]
 31%|███▏      | 8807/28130 [00:33<00:40, 479.98it/s]
 31%|███▏      | 8859/28130 [00:33<01:15, 255.36it/s]
 32%|███▏      | 8899/28130 [00:33<01:23, 231.45it/s]
 32%|███▏      | 8933/28130 [00:33<01:30, 212.75it/s]
 32%|███▏      | 8962/28130 [00:34<01:34, 201.96it/s]
 32%|███▏      | 8989/28130 [00:34<01:29, 213.65it/s]
 32%|███▏      | 9015/28130 [00:34<01:26, 222.00it/s]
 32%|███▏      | 9041/28130 [00:34<01:32, 206.00it/s]
 32%|███▏      | 9064/28130 [00:34<01:31, 209.47it/s]
 32%|███▏      | 9110/28130 [00:34<01:10, 268.10it/s]
 32%|███▏      | 9140/28130 [00:34<01:10, 267.49it/s]
 33%|███▎      | 9195/28130 [00:34<00:55, 338.66it/s]
 33%|███▎      | 9232/28130 [00:35<00:55, 339.75it/s]
 33%|███▎      | 9307/28130 [00:35<00:41, 451.94it/s]
 33%|███▎      | 9386/28130 [00:35<00:34, 546.27it/s]
 34%|███▎      | 9443/28130 [00:35<00:36, 516.95it/s]
 34%|███▍      | 9498/28130 [00:35<00:35, 525.64it/s]
 34%|███▍      | 9552/28130 [00:35<00:50, 367.94it/s]
 34%|███▍      | 9597/28130 [00:35<01:03, 291.60it/s]
 34%|███▍      | 9634/28130 [00:36<01:06, 276.91it/s]
 34%|███▍      | 9667/28130 [00:36<01:11, 259.04it/s]
 34%|███▍      | 9697/28130 [00:36<01:10, 262.82it/s]
 35%|███▍      | 9751/28130 [00:36<00:56, 323.49it/s]
 35%|███▍      | 9836/28130 [00:36<00:40, 449.62it/s]
 35%|███▌      | 9889/28130 [00:36<00:39, 466.89it/s]
 35%|███▌      | 9940/28130 [00:37<01:03, 287.93it/s]
 36%|███▌      | 10018/28130 [00:37<00:47, 378.62it/s]
 36%|███▌      | 10101/28130 [00:37<00:38, 472.99it/s]
 36%|███▌      | 10162/28130 [00:37<00:43, 415.72it/s]
 36%|███▋      | 10214/28130 [00:37<00:53, 334.46it/s]
 36%|███▋      | 10257/28130 [00:37<01:01, 288.58it/s]
 37%|███▋      | 10293/28130 [00:38<01:01, 289.90it/s]
 37%|███▋      | 10334/28130 [00:38<00:57, 311.34it/s]
 37%|███▋      | 10370/28130 [00:38<01:05, 272.75it/s]
 37%|███▋      | 10401/28130 [00:38<01:12, 243.94it/s]
 37%|███▋      | 10429/28130 [00:38<01:22, 213.30it/s]
 37%|███▋      | 10453/28130 [00:38<01:27, 201.29it/s]
 37%|███▋      | 10475/28130 [00:38<01:33, 189.76it/s]
 37%|███▋      | 10495/28130 [00:39<01:32, 190.57it/s]
 37%|███▋      | 10517/28130 [00:39<01:29, 196.93it/s]
 37%|███▋      | 10542/28130 [00:39<01:24, 209.35it/s]
 38%|███▊      | 10565/28130 [00:39<01:22, 212.89it/s]
 38%|███▊      | 10596/28130 [00:39<01:13, 237.82it/s]
 38%|███▊      | 10645/28130 [00:39<00:56, 307.40it/s]
 38%|███▊      | 10743/28130 [00:39<00:34, 497.99it/s]
 39%|███▊      | 10849/28130 [00:39<00:26, 658.18it/s]
 39%|███▉      | 10981/28130 [00:39<00:20, 850.82it/s]
 40%|███▉      | 11196/28130 [00:39<00:13, 1230.95it/s]
 40%|████      | 11322/28130 [00:40<00:17, 968.31it/s] 
 41%|████      | 11429/28130 [00:40<00:23, 719.24it/s]
 41%|████      | 11517/28130 [00:40<00:31, 535.34it/s]
 41%|████      | 11588/28130 [00:40<00:31, 519.67it/s]
 41%|████▏     | 11652/28130 [00:41<00:37, 442.90it/s]
 42%|████▏     | 11705/28130 [00:41<00:37, 434.06it/s]
 42%|████▏     | 11807/28130 [00:41<00:29, 545.18it/s]
 42%|████▏     | 11945/28130 [00:41<00:22, 724.81it/s]
 43%|████▎     | 12032/28130 [00:41<00:21, 744.44it/s]
 43%|████▎     | 12117/28130 [00:41<00:20, 770.58it/s]
 43%|████▎     | 12202/28130 [00:42<00:42, 373.88it/s]
 44%|████▎     | 12267/28130 [00:42<00:47, 335.91it/s]
 44%|████▍     | 12320/28130 [00:42<00:54, 292.00it/s]
 44%|████▍     | 12363/28130 [00:42<00:57, 273.55it/s]
 44%|████▍     | 12400/28130 [00:43<00:56, 276.48it/s]
 44%|████▍     | 12435/28130 [00:43<01:08, 229.84it/s]
 44%|████▍     | 12464/28130 [00:43<01:06, 235.43it/s]
 44%|████▍     | 12508/28130 [00:43<00:57, 273.18it/s]
 45%|████▍     | 12541/28130 [00:43<00:58, 268.31it/s]
 45%|████▍     | 12572/28130 [00:43<01:01, 251.33it/s]
 45%|████▍     | 12608/28130 [00:43<00:56, 273.79it/s]
 45%|████▍     | 12646/28130 [00:43<00:51, 298.85it/s]
 45%|████▌     | 12679/28130 [00:44<00:55, 276.22it/s]
 45%|████▌     | 12709/28130 [00:44<01:03, 242.84it/s]
 45%|████▌     | 12736/28130 [00:44<01:13, 209.43it/s]
 45%|████▌     | 12759/28130 [00:49<13:33, 18.90it/s] 
 45%|████▌     | 12778/28130 [00:49<10:53, 23.49it/s]
 45%|████▌     | 12795/28130 [00:49<08:53, 28.75it/s]
 46%|████▌     | 12812/28130 [00:49<07:09, 35.69it/s]
 46%|████▌     | 12829/28130 [00:49<05:55, 43.10it/s]
 46%|████▌     | 12844/28130 [00:49<04:54, 51.94it/s]
 46%|████▌     | 12867/28130 [00:49<03:36, 70.57it/s]
 46%|████▌     | 12884/28130 [00:50<03:04, 82.67it/s]
 46%|████▌     | 12901/28130 [00:50<02:38, 96.33it/s]
 46%|████▌     | 12920/28130 [00:50<02:14, 112.79it/s]
 46%|████▌     | 12956/28130 [00:50<01:32, 163.71it/s]
 46%|████▌     | 12984/28130 [00:50<01:19, 189.58it/s]
 46%|████▋     | 13018/28130 [00:50<01:07, 225.23it/s]
 46%|████▋     | 13063/28130 [00:50<00:53, 282.07it/s]
 47%|████▋     | 13098/28130 [00:50<00:50, 299.75it/s]
 47%|████▋     | 13167/28130 [00:50<00:36, 406.80it/s]
 47%|████▋     | 13236/28130 [00:50<00:30, 482.86it/s]
 47%|████▋     | 13287/28130 [00:51<00:35, 422.76it/s]
 47%|████▋     | 13337/28130 [00:51<00:33, 442.08it/s]
 48%|████▊     | 13384/28130 [00:51<00:39, 373.56it/s]
 48%|████▊     | 13425/28130 [00:51<00:43, 336.27it/s]
 48%|████▊     | 13462/28130 [00:51<00:43, 336.24it/s]
 48%|████▊     | 13498/28130 [00:51<00:44, 327.23it/s]
 48%|████▊     | 13532/28130 [00:51<00:48, 301.74it/s]
 48%|████▊     | 13564/28130 [00:52<01:02, 232.79it/s]
 48%|████▊     | 13591/28130 [00:52<01:01, 235.85it/s]
 48%|████▊     | 13617/28130 [00:52<01:17, 187.24it/s]
 48%|████▊     | 13639/28130 [00:52<01:19, 183.12it/s]
 49%|████▊     | 13664/28130 [00:52<01:13, 195.82it/s]
 49%|████▊     | 13686/28130 [00:52<01:27, 164.68it/s]
 49%|████▊     | 13705/28130 [00:53<01:29, 161.39it/s]
 49%|████▉     | 13740/28130 [00:53<01:10, 203.14it/s]
 49%|████▉     | 13786/28130 [00:53<00:54, 262.38it/s]
 49%|████▉     | 13815/28130 [00:53<01:05, 219.77it/s]
 49%|████▉     | 13841/28130 [00:53<01:02, 228.69it/s]
 49%|████▉     | 13867/28130 [00:53<01:04, 221.55it/s]
 49%|████▉     | 13891/28130 [00:53<01:04, 220.10it/s]
 49%|████▉     | 13915/28130 [00:53<01:05, 216.74it/s]
 50%|████▉     | 13944/28130 [00:53<01:00, 234.56it/s]
 50%|████▉     | 13970/28130 [00:54<00:59, 239.72it/s]
 50%|████▉     | 14000/28130 [00:54<00:55, 255.96it/s]
 50%|████▉     | 14027/28130 [00:54<00:56, 248.78it/s]
 50%|████▉     | 14053/28130 [00:54<01:03, 221.83it/s]
 50%|█████     | 14076/28130 [00:54<01:18, 178.60it/s]
 50%|█████     | 14096/28130 [00:54<01:21, 173.21it/s]
 50%|█████     | 14115/28130 [00:54<01:25, 163.53it/s]
 50%|█████     | 14133/28130 [00:55<01:27, 160.70it/s]
 50%|█████     | 14163/28130 [00:55<01:11, 194.50it/s]
 50%|█████     | 14198/28130 [00:55<00:59, 233.48it/s]
 51%|█████     | 14223/28130 [00:55<00:58, 236.63it/s]
 51%|█████     | 14256/28130 [00:55<00:52, 261.87it/s]
 51%|█████     | 14296/28130 [00:55<00:46, 300.23it/s]
 51%|█████     | 14327/28130 [00:55<01:03, 216.89it/s]
 51%|█████     | 14353/28130 [00:55<01:17, 178.77it/s]
 51%|█████     | 14375/28130 [00:56<01:29, 154.11it/s]
 51%|█████     | 14394/28130 [00:56<01:32, 147.98it/s]
 51%|█████     | 14411/28130 [00:56<01:33, 146.01it/s]
 51%|█████▏    | 14428/28130 [00:56<01:31, 150.54it/s]
 51%|█████▏    | 14445/28130 [00:56<01:34, 144.27it/s]
 51%|█████▏    | 14463/28130 [00:56<01:30, 151.53it/s]
 52%|█████▏    | 14504/28130 [00:56<01:03, 215.90it/s]
 52%|█████▏    | 14535/28130 [00:57<00:56, 240.69it/s]
 52%|█████▏    | 14568/28130 [00:57<00:51, 262.86it/s]
 52%|█████▏    | 14596/28130 [00:57<00:51, 264.34it/s]
 52%|█████▏    | 14624/28130 [00:57<00:56, 237.07it/s]
 52%|█████▏    | 14658/28130 [00:57<00:51, 262.37it/s]
 52%|█████▏    | 14687/28130 [00:57<00:50, 268.67it/s]
 52%|█████▏    | 14715/28130 [00:57<00:54, 244.62it/s]
 52%|█████▏    | 14741/28130 [00:57<00:55, 242.82it/s]
 53%|█████▎    | 14810/28130 [00:57<00:36, 362.46it/s]
 53%|█████▎    | 14853/28130 [00:58<00:34, 380.97it/s]
 53%|█████▎    | 14893/28130 [00:58<00:45, 293.55it/s]
 53%|█████▎    | 14927/28130 [00:58<01:00, 219.41it/s]
 53%|█████▎    | 14955/28130 [00:58<00:58, 223.36it/s]
 53%|█████▎    | 15007/28130 [00:58<00:46, 285.22it/s]
 53%|█████▎    | 15045/28130 [00:58<00:42, 305.25it/s]
 54%|█████▎    | 15080/28130 [00:58<00:45, 285.86it/s]
 54%|█████▎    | 15112/28130 [00:59<00:50, 257.96it/s]
 54%|█████▍    | 15141/28130 [00:59<00:52, 248.84it/s]
 54%|█████▍    | 15168/28130 [00:59<00:53, 241.23it/s]
 54%|█████▍    | 15194/28130 [00:59<00:56, 227.15it/s]
 54%|█████▍    | 15218/28130 [00:59<01:01, 208.38it/s]
 54%|█████▍    | 15240/28130 [00:59<01:08, 189.36it/s]
 54%|█████▍    | 15285/28130 [00:59<00:51, 249.48it/s]
 54%|█████▍    | 15312/28130 [01:00<01:02, 203.66it/s]
 55%|█████▍    | 15335/28130 [01:00<01:02, 203.23it/s]
 55%|█████▍    | 15382/28130 [01:00<00:48, 264.99it/s]
 55%|█████▍    | 15412/28130 [01:00<00:46, 271.39it/s]
 55%|█████▍    | 15443/28130 [01:00<00:45, 280.18it/s]
 55%|█████▌    | 15477/28130 [01:00<00:42, 295.75it/s]
 55%|█████▌    | 15514/28130 [01:00<00:40, 315.27it/s]
 55%|█████▌    | 15547/28130 [01:00<00:42, 296.23it/s]
 55%|█████▌    | 15609/28130 [01:00<00:32, 383.43it/s]
 56%|█████▌    | 15653/28130 [01:01<00:31, 398.14it/s]
 56%|█████▌    | 15694/28130 [01:01<00:32, 382.19it/s]
 56%|█████▌    | 15734/28130 [01:01<00:33, 365.33it/s]
 56%|█████▌    | 15772/28130 [01:01<00:44, 280.16it/s]
 56%|█████▌    | 15804/28130 [01:01<00:57, 215.13it/s]
 56%|█████▋    | 15830/28130 [01:01<01:02, 197.53it/s]
 56%|█████▋    | 15863/28130 [01:02<00:54, 223.48it/s]
 57%|█████▋    | 15898/28130 [01:02<00:49, 249.52it/s]
 57%|█████▋    | 15933/28130 [01:02<00:44, 271.90it/s]
 57%|█████▋    | 15963/28130 [01:02<00:45, 267.02it/s]
 57%|█████▋    | 16012/28130 [01:02<00:37, 322.74it/s]
 57%|█████▋    | 16064/28130 [01:02<00:32, 374.26it/s]
 57%|█████▋    | 16104/28130 [01:02<00:33, 354.21it/s]
 57%|█████▋    | 16142/28130 [01:02<00:37, 320.32it/s]
 58%|█████▊    | 16178/28130 [01:02<00:36, 328.72it/s]
 58%|█████▊    | 16222/28130 [01:03<00:33, 357.61it/s]
 58%|█████▊    | 16266/28130 [01:03<00:31, 378.19it/s]
 58%|█████▊    | 16305/28130 [01:03<00:39, 300.98it/s]
 58%|█████▊    | 16339/28130 [01:03<00:41, 281.40it/s]
 58%|█████▊    | 16375/28130 [01:03<00:39, 298.87it/s]
 58%|█████▊    | 16407/28130 [01:03<00:39, 296.79it/s]
 58%|█████▊    | 16446/28130 [01:03<00:36, 318.42it/s]
 59%|█████▊    | 16481/28130 [01:03<00:35, 326.70it/s]
 59%|█████▉    | 16528/28130 [01:03<00:31, 364.95it/s]
 59%|█████▉    | 16566/28130 [01:04<00:33, 350.35it/s]
 59%|█████▉    | 16602/28130 [01:04<00:35, 324.90it/s]
 59%|█████▉    | 16636/28130 [01:04<00:36, 311.26it/s]
 59%|█████▉    | 16668/28130 [01:04<00:37, 309.35it/s]
 59%|█████▉    | 16700/28130 [01:04<00:38, 299.45it/s]
 59%|█████▉    | 16731/28130 [01:04<00:38, 292.40it/s]
 60%|█████▉    | 16767/28130 [01:04<00:36, 310.65it/s]
 60%|█████▉    | 16799/28130 [01:04<00:36, 311.58it/s]
 60%|█████▉    | 16840/28130 [01:04<00:33, 337.92it/s]
 60%|██████    | 16903/28130 [01:05<00:26, 418.72it/s]
 60%|██████    | 16946/28130 [01:05<00:36, 305.82it/s]
 60%|██████    | 16982/28130 [01:05<00:37, 300.23it/s]
 60%|██████    | 17016/28130 [01:05<00:36, 302.72it/s]
 61%|██████    | 17049/28130 [01:05<00:44, 250.07it/s]
 61%|██████    | 17077/28130 [01:05<00:46, 238.34it/s]
 61%|██████    | 17103/28130 [01:06<00:47, 233.25it/s]
 61%|██████    | 17128/28130 [01:06<00:54, 203.08it/s]
 61%|██████    | 17150/28130 [01:06<00:57, 192.11it/s]
 61%|██████    | 17171/28130 [01:06<00:55, 196.15it/s]
 61%|██████    | 17193/28130 [01:06<00:54, 200.79it/s]
 61%|██████    | 17214/28130 [01:06<01:00, 180.84it/s]
 61%|██████▏   | 17244/28130 [01:06<00:51, 210.09it/s]
 61%|██████▏   | 17277/28130 [01:06<00:45, 239.31it/s]
 62%|██████▏   | 17303/28130 [01:06<00:47, 229.07it/s]
 62%|██████▏   | 17327/28130 [01:07<00:47, 225.11it/s]
 62%|██████▏   | 17367/28130 [01:07<00:39, 270.97it/s]
 62%|██████▏   | 17398/28130 [01:07<00:38, 279.18it/s]
 62%|██████▏   | 17427/28130 [01:07<00:44, 238.48it/s]
 62%|██████▏   | 17453/28130 [01:07<00:47, 222.44it/s]
 62%|██████▏   | 17477/28130 [01:07<00:48, 219.65it/s]
 62%|██████▏   | 17500/28130 [01:07<00:48, 219.29it/s]
 62%|██████▏   | 17523/28130 [01:07<00:51, 205.73it/s]
 62%|██████▏   | 17545/28130 [01:08<00:56, 188.92it/s]
 62%|██████▏   | 17565/28130 [01:08<00:56, 186.84it/s]
 63%|██████▎   | 17584/28130 [01:08<00:57, 183.36it/s]
 63%|██████▎   | 17603/28130 [01:08<00:58, 179.03it/s]
 63%|██████▎   | 17622/28130 [01:08<01:02, 169.00it/s]
 63%|██████▎   | 17640/28130 [01:08<01:03, 165.25it/s]
 63%|██████▎   | 17659/28130 [01:08<01:01, 170.49it/s]
 63%|██████▎   | 17683/28130 [01:08<00:55, 186.82it/s]
 63%|██████▎   | 17703/28130 [01:08<00:55, 188.64it/s]
 63%|██████▎   | 17741/28130 [01:09<00:42, 242.31it/s]
 63%|██████▎   | 17780/28130 [01:09<00:36, 282.17it/s]
 63%|██████▎   | 17824/28130 [01:09<00:31, 327.24it/s]
 64%|██████▎   | 17864/28130 [01:09<00:29, 348.28it/s]
 64%|██████▎   | 17900/28130 [01:09<00:30, 335.77it/s]
 64%|██████▍   | 17934/28130 [01:09<00:36, 282.57it/s]
 64%|██████▍   | 17964/28130 [01:09<00:36, 277.82it/s]
 64%|██████▍   | 17993/28130 [01:09<00:38, 263.87it/s]
 64%|██████▍   | 18021/28130 [01:10<00:41, 243.56it/s]
 64%|██████▍   | 18048/28130 [01:10<00:40, 247.95it/s]
 64%|██████▍   | 18074/28130 [01:10<00:40, 250.68it/s]
 64%|██████▍   | 18102/28130 [01:10<00:39, 256.83it/s]
 64%|██████▍   | 18133/28130 [01:10<00:37, 270.02it/s]
 65%|██████▍   | 18167/28130 [01:10<00:34, 289.68it/s]
 65%|██████▍   | 18197/28130 [01:10<00:34, 284.88it/s]
 65%|██████▍   | 18226/28130 [01:10<00:42, 234.47it/s]
 65%|██████▍   | 18252/28130 [01:11<00:55, 178.41it/s]
 65%|██████▍   | 18273/28130 [01:11<01:04, 152.87it/s]
 65%|██████▌   | 18291/28130 [01:11<01:03, 153.87it/s]
 65%|██████▌   | 18309/28130 [01:11<01:05, 150.51it/s]
 65%|██████▌   | 18326/28130 [01:11<01:07, 144.45it/s]
 65%|██████▌   | 18342/28130 [01:11<01:11, 136.55it/s]
 65%|██████▌   | 18357/28130 [01:11<01:11, 136.19it/s]
 65%|██████▌   | 18374/28130 [01:12<01:08, 143.03it/s]
 65%|██████▌   | 18391/28130 [01:12<01:05, 149.18it/s]
 65%|██████▌   | 18413/28130 [01:12<00:58, 167.17it/s]
 66%|██████▌   | 18435/28130 [01:12<00:53, 180.86it/s]
 66%|██████▌   | 18454/28130 [01:12<00:53, 179.66it/s]
 66%|██████▌   | 18473/28130 [01:12<00:58, 164.22it/s]
 66%|██████▌   | 18490/28130 [01:12<00:59, 162.38it/s]
 66%|██████▌   | 18511/28130 [01:12<00:55, 174.05it/s]
 66%|██████▌   | 18541/28130 [01:12<00:46, 207.93it/s]
 66%|██████▌   | 18563/28130 [01:12<00:45, 211.21it/s]
 66%|██████▌   | 18585/28130 [01:13<00:49, 193.36it/s]
 66%|██████▌   | 18605/28130 [01:13<00:50, 189.73it/s]
 66%|██████▌   | 18628/28130 [01:13<00:47, 198.66it/s]
 66%|██████▋   | 18649/28130 [01:13<00:49, 192.97it/s]
 66%|██████▋   | 18669/28130 [01:13<00:54, 173.47it/s]
 66%|██████▋   | 18687/28130 [01:13<00:58, 162.30it/s]
 66%|██████▋   | 18706/28130 [01:13<00:55, 168.44it/s]
 67%|██████▋   | 18730/28130 [01:13<00:50, 186.07it/s]
 67%|██████▋   | 18756/28130 [01:14<00:45, 205.32it/s]
 67%|██████▋   | 18787/28130 [01:14<00:40, 233.33it/s]
 67%|██████▋   | 18827/28130 [01:14<00:33, 280.51it/s]
 67%|██████▋   | 18865/28130 [01:14<00:30, 307.48it/s]
 67%|██████▋   | 18897/28130 [01:14<00:31, 290.64it/s]
 67%|██████▋   | 18927/28130 [01:14<00:32, 284.19it/s]
 67%|██████▋   | 18956/28130 [01:14<00:36, 248.58it/s]
 67%|██████▋   | 18982/28130 [01:14<00:38, 235.72it/s]
 68%|██████▊   | 19007/28130 [01:14<00:41, 222.39it/s]
 68%|██████▊   | 19042/28130 [01:15<00:35, 253.30it/s]
 68%|██████▊   | 19070/28130 [01:15<00:34, 259.29it/s]
 68%|██████▊   | 19097/28130 [01:15<00:39, 226.54it/s]
 68%|██████▊   | 19121/28130 [01:15<00:45, 196.82it/s]
 68%|██████▊   | 19142/28130 [01:15<00:51, 173.60it/s]
 68%|██████▊   | 19161/28130 [01:15<00:55, 161.61it/s]
 68%|██████▊   | 19180/28130 [01:15<00:53, 167.31it/s]
 68%|██████▊   | 19200/28130 [01:16<00:51, 173.61it/s]
 68%|██████▊   | 19218/28130 [01:16<00:51, 172.71it/s]
 68%|██████▊   | 19236/28130 [01:16<00:53, 164.84it/s]
 68%|██████▊   | 19253/28130 [01:16<00:55, 161.22it/s]
 69%|██████▊   | 19277/28130 [01:16<00:48, 181.63it/s]
 69%|██████▊   | 19298/28130 [01:16<00:46, 187.97it/s]
 69%|██████▊   | 19318/28130 [01:16<00:46, 188.17it/s]
 69%|██████▉   | 19340/28130 [01:16<00:45, 195.19it/s]
 69%|██████▉   | 19360/28130 [01:16<00:46, 188.33it/s]
 69%|██████▉   | 19379/28130 [01:17<00:47, 184.03it/s]
 69%|██████▉   | 19398/28130 [01:17<00:48, 178.36it/s]
 69%|██████▉   | 19416/28130 [01:17<00:49, 176.54it/s]
 69%|██████▉   | 19434/28130 [01:17<00:55, 157.19it/s]
 69%|██████▉   | 19451/28130 [01:17<00:58, 147.50it/s]
 69%|██████▉   | 19470/28130 [01:17<00:55, 156.98it/s]
 69%|██████▉   | 19489/28130 [01:17<00:52, 165.37it/s]
 69%|██████▉   | 19518/28130 [01:17<00:43, 197.74it/s]
 69%|██████▉   | 19539/28130 [01:17<00:44, 194.49it/s]
 70%|██████▉   | 19559/28130 [01:18<00:44, 192.29it/s]
 70%|██████▉   | 19582/28130 [01:18<00:42, 202.14it/s]
 70%|██████▉   | 19606/28130 [01:18<00:40, 211.02it/s]
 70%|██████▉   | 19628/28130 [01:18<00:40, 208.82it/s]
 70%|██████▉   | 19650/28130 [01:18<00:41, 204.91it/s]
 70%|██████▉   | 19677/28130 [01:18<00:38, 220.89it/s]
 70%|███████   | 19700/28130 [01:18<00:43, 194.14it/s]
 70%|███████   | 19721/28130 [01:18<00:45, 185.24it/s]
 70%|███████   | 19750/28130 [01:18<00:39, 211.80it/s]
 70%|███████   | 19781/28130 [01:19<00:35, 237.26it/s]
 70%|███████   | 19806/28130 [01:19<00:37, 219.30it/s]
 70%|███████   | 19829/28130 [01:19<00:39, 209.93it/s]
 71%|███████   | 19851/28130 [01:19<00:40, 204.80it/s]
 71%|███████   | 19872/28130 [01:19<00:46, 176.41it/s]
 71%|███████   | 19891/28130 [01:19<00:51, 160.42it/s]
 71%|███████   | 19908/28130 [01:19<00:56, 144.75it/s]
 71%|███████   | 19924/28130 [01:20<01:03, 129.84it/s]
 71%|███████   | 19938/28130 [01:20<01:03, 129.42it/s]
 71%|███████   | 19968/28130 [01:20<00:47, 170.13it/s]
 71%|███████   | 19992/28130 [01:20<00:43, 186.27it/s]
 71%|███████   | 20036/28130 [01:20<00:31, 252.96it/s]
 71%|███████▏  | 20098/28130 [01:20<00:22, 353.41it/s]
 72%|███████▏  | 20136/28130 [01:20<00:23, 333.78it/s]
 72%|███████▏  | 20181/28130 [01:20<00:21, 365.16it/s]
 72%|███████▏  | 20219/28130 [01:20<00:26, 296.30it/s]
 72%|███████▏  | 20276/28130 [01:21<00:21, 362.14it/s]
 72%|███████▏  | 20317/28130 [01:21<00:20, 373.63it/s]
 72%|███████▏  | 20372/28130 [01:21<00:18, 419.70it/s]
 73%|███████▎  | 20419/28130 [01:21<00:17, 433.23it/s]
 73%|███████▎  | 20465/28130 [01:21<00:21, 354.07it/s]
 73%|███████▎  | 20504/28130 [01:21<00:23, 324.25it/s]
 73%|███████▎  | 20543/28130 [01:21<00:22, 339.52it/s]
 73%|███████▎  | 20580/28130 [01:21<00:22, 341.92it/s]
 73%|███████▎  | 20616/28130 [01:22<00:25, 290.76it/s]
 73%|███████▎  | 20648/28130 [01:22<00:26, 284.97it/s]
 74%|███████▎  | 20679/28130 [01:22<00:27, 271.24it/s]
 74%|███████▎  | 20730/28130 [01:22<00:22, 329.55it/s]
 74%|███████▍  | 20796/28130 [01:22<00:17, 415.20it/s]
 74%|███████▍  | 20842/28130 [01:22<00:17, 427.08it/s]
 74%|███████▍  | 20889/28130 [01:22<00:16, 438.03it/s]
 74%|███████▍  | 20942/28130 [01:22<00:15, 459.28it/s]
 75%|███████▍  | 20989/28130 [01:23<00:18, 395.53it/s]
 75%|███████▍  | 21031/28130 [01:23<00:21, 334.25it/s]
 75%|███████▍  | 21068/28130 [01:23<00:21, 335.89it/s]
 75%|███████▌  | 21104/28130 [01:23<00:20, 336.80it/s]
 75%|███████▌  | 21141/28130 [01:23<00:20, 344.70it/s]
 75%|███████▌  | 21177/28130 [01:23<00:20, 345.83it/s]
 75%|███████▌  | 21213/28130 [01:23<00:20, 340.07it/s]
 76%|███████▌  | 21250/28130 [01:23<00:19, 346.64it/s]
 76%|███████▌  | 21286/28130 [01:23<00:20, 336.68it/s]
 76%|███████▌  | 21349/28130 [01:24<00:16, 418.12it/s]
 76%|███████▌  | 21392/28130 [01:24<00:17, 385.42it/s]
 76%|███████▌  | 21432/28130 [01:24<00:18, 363.84it/s]
 76%|███████▋  | 21473/28130 [01:24<00:17, 373.61it/s]
 76%|███████▋  | 21512/28130 [01:24<00:18, 363.99it/s]
 77%|███████▋  | 21549/28130 [01:24<00:19, 332.58it/s]
 77%|███████▋  | 21583/28130 [01:24<00:22, 292.15it/s]
 77%|███████▋  | 21625/28130 [01:24<00:20, 323.54it/s]
 77%|███████▋  | 21706/28130 [01:24<00:14, 448.16it/s]
 78%|███████▊  | 21804/28130 [01:25<00:10, 590.48it/s]
 78%|███████▊  | 21867/28130 [01:25<00:11, 536.01it/s]
 78%|███████▊  | 21924/28130 [01:25<00:12, 487.92it/s]
 78%|███████▊  | 21976/28130 [01:25<00:13, 463.69it/s]
 78%|███████▊  | 22025/28130 [01:25<00:13, 469.06it/s]
 78%|███████▊  | 22074/28130 [01:25<00:13, 438.50it/s]
 79%|███████▊  | 22120/28130 [01:25<00:13, 434.70it/s]
 79%|███████▉  | 22165/28130 [01:25<00:14, 407.94it/s]
 79%|███████▉  | 22207/28130 [01:26<00:14, 401.39it/s]
 79%|███████▉  | 22267/28130 [01:26<00:12, 453.88it/s]
 79%|███████▉  | 22314/28130 [01:26<00:14, 392.17it/s]
 79%|███████▉  | 22359/28130 [01:26<00:14, 403.74it/s]
 80%|███████▉  | 22407/28130 [01:26<00:13, 421.31it/s]
 80%|███████▉  | 22451/28130 [01:26<00:20, 277.10it/s]
 80%|███████▉  | 22486/28130 [01:26<00:20, 269.86it/s]
 80%|████████  | 22518/28130 [01:27<00:20, 274.98it/s]
 80%|████████  | 22550/28130 [01:27<00:20, 273.59it/s]
 80%|████████  | 22580/28130 [01:27<00:21, 252.73it/s]
 80%|████████  | 22608/28130 [01:27<00:24, 221.12it/s]
 80%|████████  | 22644/28130 [01:27<00:21, 252.00it/s]
 81%|████████  | 22678/28130 [01:27<00:20, 272.27it/s]
 81%|████████  | 22716/28130 [01:27<00:18, 298.53it/s]
 81%|████████  | 22753/28130 [01:27<00:17, 315.72it/s]
 81%|████████  | 22787/28130 [01:28<00:17, 311.10it/s]
 81%|████████  | 22820/28130 [01:28<00:17, 302.70it/s]
 81%|████████  | 22852/28130 [01:28<00:17, 303.06it/s]
 81%|████████▏ | 22883/28130 [01:28<00:23, 221.56it/s]
 81%|████████▏ | 22914/28130 [01:28<00:21, 241.11it/s]
 82%|████████▏ | 22966/28130 [01:28<00:16, 308.58it/s]
 82%|████████▏ | 23002/28130 [01:28<00:15, 320.55it/s]
 82%|████████▏ | 23037/28130 [01:28<00:15, 323.37it/s]
 82%|████████▏ | 23072/28130 [01:29<00:16, 303.01it/s]
 82%|████████▏ | 23104/28130 [01:29<00:23, 216.89it/s]
 82%|████████▏ | 23131/28130 [01:29<00:29, 170.57it/s]
 82%|████████▏ | 23153/28130 [01:29<00:28, 176.57it/s]
 82%|████████▏ | 23174/28130 [01:29<00:27, 182.66it/s]
 82%|████████▏ | 23195/28130 [01:29<00:30, 161.89it/s]
 83%|████████▎ | 23214/28130 [01:30<00:33, 148.04it/s]
 83%|████████▎ | 23233/28130 [01:30<00:31, 154.66it/s]
 83%|████████▎ | 23250/28130 [01:30<00:31, 153.44it/s]
 83%|████████▎ | 23267/28130 [01:30<00:32, 151.34it/s]
 83%|████████▎ | 23285/28130 [01:30<00:30, 157.56it/s]
 83%|████████▎ | 23304/28130 [01:30<00:29, 164.11it/s]
 83%|████████▎ | 23324/28130 [01:30<00:27, 172.38it/s]
 83%|████████▎ | 23352/28130 [01:30<00:23, 199.89it/s]
 83%|████████▎ | 23387/28130 [01:30<00:19, 241.62it/s]
 83%|████████▎ | 23421/28130 [01:31<00:17, 269.57it/s]
 83%|████████▎ | 23451/28130 [01:31<00:16, 278.23it/s]
 83%|████████▎ | 23480/28130 [01:31<00:16, 276.10it/s]
 84%|████████▎ | 23512/28130 [01:31<00:16, 288.04it/s]
 84%|████████▎ | 23542/28130 [01:31<00:17, 262.90it/s]
 84%|████████▍ | 23569/28130 [01:31<00:23, 194.69it/s]
 84%|████████▍ | 23592/28130 [01:31<00:29, 154.09it/s]
 84%|████████▍ | 23611/28130 [01:32<00:31, 141.36it/s]
 84%|████████▍ | 23631/28130 [01:32<00:29, 151.97it/s]
 84%|████████▍ | 23655/28130 [01:32<00:26, 170.88it/s]
 84%|████████▍ | 23682/28130 [01:32<00:23, 192.83it/s]
 84%|████████▍ | 23714/28130 [01:32<00:19, 223.87it/s]
 84%|████████▍ | 23745/28130 [01:32<00:17, 245.93it/s]
 85%|████████▍ | 23778/28130 [01:32<00:16, 268.06it/s]
 85%|████████▍ | 23816/28130 [01:32<00:14, 297.83it/s]
 85%|████████▍ | 23871/28130 [01:32<00:11, 368.25it/s]
 85%|████████▌ | 23928/28130 [01:33<00:09, 423.65it/s]
 85%|████████▌ | 23972/28130 [01:33<00:11, 367.95it/s]
 85%|████████▌ | 24012/28130 [01:33<00:11, 374.33it/s]
 85%|████████▌ | 24051/28130 [01:33<00:10, 376.58it/s]
 86%|████████▌ | 24096/28130 [01:33<00:10, 396.09it/s]
 86%|████████▌ | 24176/28130 [01:33<00:07, 510.84it/s]
 86%|████████▌ | 24229/28130 [01:33<00:07, 496.90it/s]
 86%|████████▋ | 24280/28130 [01:33<00:08, 477.72it/s]
 86%|████████▋ | 24329/28130 [01:33<00:07, 481.03it/s]
 87%|████████▋ | 24389/28130 [01:34<00:07, 512.83it/s]
 87%|████████▋ | 24441/28130 [01:34<00:07, 478.94it/s]
 87%|████████▋ | 24490/28130 [01:34<00:08, 431.62it/s]
 87%|████████▋ | 24535/28130 [01:34<00:08, 410.29it/s]
 87%|████████▋ | 24577/28130 [01:34<00:09, 386.22it/s]
 88%|████████▊ | 24617/28130 [01:34<00:12, 284.75it/s]
 88%|████████▊ | 24650/28130 [01:34<00:11, 293.50it/s]
 88%|████████▊ | 24687/28130 [01:35<00:11, 308.60it/s]
 88%|████████▊ | 24721/28130 [01:35<00:12, 263.49it/s]
 88%|████████▊ | 24751/28130 [01:35<00:13, 248.12it/s]
 88%|████████▊ | 24877/28130 [01:35<00:06, 479.40it/s]
 89%|████████▊ | 24961/28130 [01:35<00:05, 566.25it/s]
 89%|████████▉ | 25026/28130 [01:35<00:05, 532.05it/s]
 89%|████████▉ | 25094/28130 [01:35<00:05, 566.98it/s]
 89%|████████▉ | 25156/28130 [01:35<00:05, 559.63it/s]
 90%|████████▉ | 25216/28130 [01:36<00:06, 459.51it/s]
 90%|████████▉ | 25267/28130 [01:36<00:06, 442.73it/s]
 90%|████████▉ | 25315/28130 [01:36<00:06, 436.11it/s]
 90%|█████████ | 25397/28130 [01:36<00:05, 529.68it/s]
 91%|█████████ | 25500/28130 [01:36<00:03, 660.02it/s]
 91%|█████████ | 25621/28130 [01:36<00:03, 808.34it/s]
 91%|█████████▏| 25707/28130 [01:36<00:03, 679.22it/s]
 92%|█████████▏| 25782/28130 [01:37<00:04, 519.64it/s]
 92%|█████████▏| 25844/28130 [01:37<00:05, 391.79it/s]
 92%|█████████▏| 25940/28130 [01:37<00:04, 491.27it/s]
 92%|█████████▏| 26005/28130 [01:37<00:04, 522.36it/s]
 93%|█████████▎| 26069/28130 [01:37<00:03, 544.39it/s]
 93%|█████████▎| 26132/28130 [01:37<00:03, 504.01it/s]
 93%|█████████▎| 26189/28130 [01:37<00:04, 443.75it/s]
 93%|█████████▎| 26239/28130 [01:38<00:04, 414.85it/s]
 93%|█████████▎| 26285/28130 [01:38<00:04, 390.32it/s]
 94%|█████████▍| 26374/28130 [01:38<00:03, 503.07it/s]
 94%|█████████▍| 26458/28130 [01:38<00:02, 581.62it/s]
 94%|█████████▍| 26577/28130 [01:38<00:02, 735.86it/s]
 95%|█████████▌| 26762/28130 [01:38<00:01, 1034.06it/s]
 96%|█████████▌| 26874/28130 [01:38<00:01, 844.46it/s] 
 96%|█████████▌| 26970/28130 [01:39<00:01, 749.90it/s]
 96%|█████████▌| 27054/28130 [01:39<00:01, 647.85it/s]
 96%|█████████▋| 27127/28130 [01:39<00:02, 462.37it/s]
 97%|█████████▋| 27185/28130 [01:39<00:02, 407.41it/s]
 97%|█████████▋| 27327/28130 [01:39<00:01, 584.22it/s]
 98%|█████████▊| 27431/28130 [01:39<00:01, 671.30it/s]
 98%|█████████▊| 27516/28130 [01:40<00:01, 351.09it/s]
 98%|█████████▊| 27580/28130 [01:40<00:01, 368.40it/s]
 98%|█████████▊| 27638/28130 [01:40<00:01, 369.88it/s]
 98%|█████████▊| 27690/28130 [01:40<00:01, 358.32it/s]
 99%|█████████▊| 27736/28130 [01:41<00:01, 336.76it/s]
 99%|█████████▊| 27777/28130 [01:41<00:01, 337.76it/s]
 99%|█████████▉| 27857/28130 [01:41<00:00, 430.25it/s]
 99%|█████████▉| 27925/28130 [01:41<00:00, 486.00it/s]
100%|█████████▉| 28021/28130 [01:41<00:00, 599.93it/s]
100%|█████████▉| 28089/28130 [01:41<00:00, 560.35it/s]
                                                      
len(pred_boxes.sample_tokens):  28130
len(gt_boxes.sample_tokens):  28130
len(tracks.keys()):  700
GT: Global coordinate system

# for the Process Noise and starting condictions
h, w, l, x, y, z, a, x_dot, y_dot, z_dot, a_dot, x_dot_dot, y_dot_dot, z_dot_dot, a_dot_dot
mean:  {

'bicycle': array([ 1.29255138e+00,  6.04981211e-01,  1.69851979e+00,  9.24922207e+02,
        1.29928737e+03,  7.54455098e-01,  3.50005634e-02,  8.89233002e-03,
       -3.69294743e-02,  1.01596643e-02, -2.28356654e-03,  2.19812316e-03,
       -2.08178349e-03,  2.51023328e-04,  3.81416683e-03]), 

'bus': array([ 3.49466679e+00,  2.94869529e+00,  1.11763184e+01,  1.03657590e+03,
        1.31494559e+03,  1.87588071e+00,  1.75155290e-01,  3.95991159e-02,
       -2.29194236e-02,  6.48864550e-03,  1.83604957e-03, -6.08124866e-03,
        3.70562220e-03,  5.12323703e-04,  3.67486684e-03]), 

'car': array([ 1.73496995e+00,  1.96062873e+00,  4.61921671e+00,  1.18384247e+03,
        1.17948029e+03,  9.67292984e-01,  1.77048395e-01,  1.83719918e-02,
       -1.48373986e-02,  5.44655633e-03,  8.71153712e-04, -7.72651883e-04,
        5.07796695e-04,  4.51635759e-04,  7.76475847e-05]), 

'motorcycle': array([ 1.46360935e+00,  7.76617224e-01,  2.10927549e+00,  9.87766295e+02,
        1.29562551e+03,  8.31365490e-01,  1.51516200e-01, -4.89430673e-03,
        1.69435289e-01, -1.36311703e-03,  1.28897520e-03, -6.47063337e-04,
        7.23860338e-04,  1.34061419e-03, -5.54840452e-03]), 

'pedestrian': array([ 1.76855191e+00,  6.67333417e-01,  7.25477875e-01,  8.81150651e+02,
        1.38858330e+03,  1.08833380e+00,  2.82662548e-01, -4.89998190e-02,
        1.21155008e-02,  9.23667057e-03, -7.81454409e-04, -2.74625305e-04,
       -5.43041519e-06,  4.99293756e-04, -9.40015059e-05]), 

'trailer': array([ 3.86668658e+00,  2.92318591e+00,  1.22905906e+01,  1.48195352e+03,
        9.72743322e+02,  2.16587011e+00,  5.98367990e-02, -1.09382002e-02,
        1.36538899e-02,  6.06591734e-03,  2.67895193e-04,  1.63254488e-03,
        1.69016264e-03, -4.50576776e-04, -1.24141468e-03]), 
        
'truck': array([ 2.82540373e+00,  2.50966100e+00,  6.88430400e+00,  1.24954116e+03,
        1.06456348e+03,  1.57039061e+00,  2.49418403e-01,  3.33880954e-03,
       -5.38623686e-02,  5.75745443e-03,  8.02126096e-04,  9.83752654e-04,
       -1.94920709e-03,  7.45106572e-04,  2.83504669e-04])}

std:  {

'bicycle': array([3.46931106e-01, 1.63383801e-01, 2.58803938e-01, 5.26221814e+02,
       4.30970109e+02, 4.91088920e-01, 1.80102439e+00, 7.68469988e-01,
       6.78180769e-01, 7.38635431e-02, 2.50090938e-01, 1.41025298e-01,
       1.16855584e-01, 7.14265876e-02, 3.65281060e-01]), 

'bus': array([4.94004571e-01, 3.21811774e-01, 2.05553837e+00, 5.52781857e+02,
       4.63697319e+02, 1.21322188e+00, 1.67214014e+00, 1.69621138e+00,
       1.39426813e+00, 1.17715915e-01, 3.15686808e-01, 3.43117946e-01,
       2.97432190e-01, 1.08451113e-01, 4.57219895e-01]), 

'car': array([2.44141728e-01, 1.87028764e-01, 4.61048601e-01, 6.17789167e+02,
       4.12279804e+02, 6.77471298e-01, 1.76984041e+00, 1.38347916e+00,
       1.19455479e+00, 7.85491502e-02, 2.08732887e-01, 3.98645862e-01,
       3.53461905e-01, 7.31828644e-02, 3.03776364e-01]), 

'motorcycle': array([2.30800547e-01, 1.73695407e-01, 3.35804165e-01, 6.55027105e+02,
       4.55492008e+02, 7.37792060e-01, 1.90472461e+00, 1.42112444e+00,
       1.40948782e+00, 1.13101578e-01, 3.37383323e-01, 1.79902082e-01,
       1.96634426e-01, 7.39879473e-02, 4.84734368e-01]), 

'pedestrian': array([1.91239833e-01, 1.40255579e-01, 1.89042307e-01, 5.24730476e+02,
       3.79107687e+02, 7.08106700e-01, 1.88624855e+00, 4.23987810e-01,
       3.77889621e-01, 7.81013063e-02, 4.35380197e-01, 1.82979388e-01,
       1.57275211e-01, 7.71098262e-02, 6.51891506e-01]), 

'trailer': array([7.71751566e-01, 5.42730981e-01, 4.59895298e+00, 4.64854215e+02,
       2.86510673e+02, 7.45106345e-01, 1.80534779e+00, 9.22646329e-01,
       7.84971903e-01, 8.79450120e-02, 1.63653051e-01, 2.04935380e-01,
       1.92005612e-01, 1.09277194e-01, 2.37311239e-01]), 

'truck': array([8.39808101e-01, 4.48202798e-01, 2.08706225e+00, 5.85782026e+02,
       3.90065398e+02, 7.57522822e-01, 1.82994037e+00, 1.24630849e+00,
       1.06692256e+00, 8.32793936e-02, 2.44797966e-01, 3.07453411e-01,
       3.07509410e-01, 9.15457110e-02, 3.76404650e-01])}

var:  {
       'bicycle': array([1.20361192e-01, 2.66942666e-02, 6.69794785e-02, 2.76909397e+05,
       1.85735235e+05, 2.41168328e-01, 3.24368887e+00, 5.90546122e-01,
       4.59929155e-01, 5.45582300e-03, 6.25454771e-02, 1.98881347e-02,
       1.36552276e-02, 5.10175742e-03, 1.33430252e-01]), 
       
       'bus': array([2.44040516e-01, 1.03562818e-01, 4.22523800e+00, 3.05567781e+05,
       2.15015204e+05, 1.47190733e+00, 2.79605266e+00, 2.87713304e+00,
       1.94398363e+00, 1.38570365e-02, 9.96581605e-02, 1.17729925e-01,
       8.84659079e-02, 1.17616440e-02, 2.09050032e-01]), 
       
       'car': array([5.96051832e-02, 3.49797586e-02, 2.12565813e-01, 3.81663455e+05,
       1.69974637e+05, 4.58967360e-01, 3.13233509e+00, 1.91401460e+00,
       1.42696115e+00, 6.16996900e-03, 4.35694181e-02, 1.58918523e-01,
       1.24935318e-01, 5.35573165e-03, 9.22800791e-02]), 
       
       'motorcycle': array([5.32688926e-02, 3.01700943e-02, 1.12764437e-01, 4.29060508e+05,
       2.07472969e+05, 5.44337123e-01, 3.62797583e+00, 2.01959468e+00,
       1.98665591e+00, 1.27919670e-02, 1.13827507e-01, 3.23647590e-02,
       3.86650974e-02, 5.47421635e-03, 2.34967407e-01]), 
       
       'pedestrian': array([3.65726736e-02, 1.96716274e-02, 3.57369939e-02, 2.75342072e+05,
       1.43722638e+05, 5.01415098e-01, 3.55793360e+00, 1.79765663e-01,
       1.42800566e-01, 6.09981404e-03, 1.89555916e-01, 3.34814566e-02,
       2.47354921e-02, 5.94592529e-03, 4.24962535e-01]), 
       
       'trailer': array([5.95600480e-01, 2.94556918e-01, 2.11503685e+01, 2.16089441e+05,
       8.20883656e+04, 5.55183465e-01, 3.25928063e+00, 8.51276248e-01,
       6.16180888e-01, 7.73432513e-03, 2.67823211e-02, 4.19985099e-02,
       3.68661552e-02, 1.19415050e-02, 5.63166240e-02]), 
       
       'truck': array([7.05277646e-01, 2.00885748e-01, 4.35582883e+00, 3.43140581e+05,
       1.52151015e+05, 5.73840826e-01, 3.34868174e+00, 1.55328485e+00,
       1.13832374e+00, 6.93545740e-03, 5.99260444e-02, 9.45275998e-02,
       9.45620374e-02, 8.38061721e-03, 1.41680460e-01])}


Diff: Global coordinate system
For the measurement Noise
h, w, l, x, y, z, a
mean:  {'bicycle': array([-0.00125749, -0.00011495, -0.00139311, -0.00404918,  0.00408713,
       -0.00056698,  0.02570698]), 
       'bus': array([-0.04461633, -0.02455268,  0.01267916,  0.02752787,  0.01547689,
       -0.00091103,  0.02089569]), 
       'car': array([-0.00982545, -0.01499658, -0.01155642,  0.00137404,  0.00267401,
       -0.00030321, -0.00770842]), 
       'motorcycle': array([-0.00175877, -0.00069732,  0.00731632,  0.0064936 ,  0.00196302,
       -0.00319303,  0.02566244]), 
       'pedestrian': array([-0.00440021, -0.00453883, -0.01070452, -0.00041755,  0.00056854,
       -0.00230385,  0.03723529]), 
       'trailer': array([ 0.01367135, -0.02597731,  0.12119962, -0.00105052, -0.00643547,
        0.00159935,  0.01811086]), 
        'truck': array([-0.00761973, -0.01155395, -0.02269192, -0.00283486, -0.00142474,
        0.00215797,  0.00659886])}
       
std:  {'bicycle': array([0.11380176, 0.10814676, 0.16473685, 0.23218488, 0.22448677,
       0.13649336, 1.13782439]), 'bus': array([0.2585372 , 0.23467865, 0.88807276, 0.41888505, 0.37173821,
       0.24386981, 0.44491606]), 'car': array([0.15668866, 0.15359607, 0.3303453 , 0.29833492, 0.30678991,
       0.18070609, 1.0026749 ]), 'motorcycle': array([0.10564325, 0.09785569, 0.18141157, 0.20131614, 0.1997258 ,
       0.12295165, 1.03171084]), 'pedestrian': array([0.14253036, 0.1167677 , 0.15121121, 0.19634854, 0.19419346,
       0.1575473 , 1.44054965]), 'trailer': array([0.32405121, 0.25208695, 1.17239755, 0.48195457, 0.47147918,
       0.26469368, 1.02549247]), 'truck': array([0.27835382, 0.23418722, 0.83299002, 0.38551489, 0.38007841,
       0.23274786, 0.85511501])}
var:  {'bicycle': array([0.01295084, 0.01169572, 0.02713823, 0.05390982, 0.05039431,
       0.01863044, 1.29464435]), 'bus': array([0.06684149, 0.05507407, 0.78867322, 0.17546469, 0.13818929,
       0.05947248, 0.1979503 ]), 'car': array([0.02455134, 0.02359175, 0.10912802, 0.08900372, 0.09412005,
       0.03265469, 1.00535696]), 'motorcycle': array([0.0111605 , 0.00957574, 0.03291016, 0.04052819, 0.0398904 ,
       0.01511711, 1.06442726]), 'pedestrian': array([0.0203149 , 0.0136347 , 0.02286483, 0.03855275, 0.0377111 ,
       0.02482115, 2.0751833 ]), 'trailer': array([0.10500918, 0.06354783, 1.37451601, 0.23228021, 0.22229261,
       0.07006275, 1.05163481]), 'truck': array([0.07748085, 0.05484365, 0.69387238, 0.14862173, 0.1444596 ,
       0.05417157, 0.73122169])}
h_dot, w_dot, l_dot, x_dot, y_dot, z_dot, a_dot
mean_vel:  {'bicycle': array([ 0.00014137, -0.00023059, -0.00022655, -0.00296454,  0.00262031,
        0.00168016, -0.00010792]), 'bus': array([0.00086966, 0.00165769, 0.00836081, 0.00347798, 0.00116917,
       0.00108571, 0.00388343]), 'car': array([ 1.71402342e-04,  1.11606946e-04,  1.36855248e-03,  5.10174560e-04,
        3.50574825e-05,  1.87953959e-03, -1.77230052e-05]), 'motorcycle': array([-2.44843676e-04, -1.01575011e-04, -3.96074575e-05, -8.58173657e-04,
       -1.22336527e-04,  1.03012908e-03, -1.03158352e-02]), 'pedestrian': array([3.85141916e-04, 6.64202251e-04, 1.61378691e-03, 5.55319439e-04,
       5.24316731e-05, 8.79923112e-04, 3.34065311e-04]), 'trailer': array([-0.00036693, -0.00030059, -0.01214761, -0.00153271, -0.00053371,
        0.0053745 ,  0.00120319]), 'truck': array([ 4.80991830e-04, -2.96256860e-05,  3.83893610e-04, -6.38672885e-04,
       -2.23270314e-04,  5.88092001e-04, -3.46288193e-03])}
std_vel:  {'bicycle': array([0.08468196, 0.06382822, 0.0984003 , 0.21355145, 0.20241649,
       0.1313574 , 1.10288668]), 'bus': array([0.16632199, 0.09442573, 0.64171182, 0.3641884 , 0.33923662,
       0.2243583 , 0.47465411]), 'car': array([0.0822842 , 0.05010243, 0.14907452, 0.28496808, 0.28678639,
       0.15054651, 0.99746041]), 'motorcycle': array([0.07154217, 0.06757086, 0.12707616, 0.20905479, 0.20803207,
       0.12106326, 1.141991  ]), 'pedestrian': array([0.05809614, 0.04780552, 0.06915457, 0.20583995, 0.20229664,
       0.12177533, 1.41633255]), 'trailer': array([0.16969243, 0.12729095, 0.84911165, 0.46245465, 0.44300385,
       0.22872112, 0.98530287]), 'truck': array([0.19180411, 0.10348115, 0.54669349, 0.32686079, 0.32013573,
       0.19444229, 0.87286254])}
var_vel:  {'bicycle': array([0.00717104, 0.00407404, 0.00968262, 0.04560422, 0.04097244,
       0.01725477, 1.21635902]), 'bus': array([0.027663  , 0.00891622, 0.41179406, 0.13263319, 0.11508148,
       0.05033665, 0.22529652]), 'car': array([0.00677069, 0.00251025, 0.02222321, 0.08120681, 0.08224643,
       0.02266425, 0.99492726]), 'motorcycle': array([0.00511828, 0.00456582, 0.01614835, 0.0437039 , 0.04327734,
       0.01465631, 1.30414345]), 'pedestrian': array([0.00337516, 0.00228537, 0.00478236, 0.04237008, 0.04092393,
       0.01482923, 2.0059979 ]), 'trailer': array([0.02879552, 0.01620299, 0.7209906 , 0.2138643 , 0.19625241,
       0.05231335, 0.97082174]), 'truck': array([0.03678882, 0.01070835, 0.29887377, 0.10683797, 0.10248689,
       0.0378078 , 0.76188901])}
